<?xml version="1.0" encoding="utf-8"?><testsuites name="pytest tests"><testsuite name="pytest" errors="0" failures="0" skipped="0" tests="6" time="20.664" timestamp="2026-09-03T12:53:01.279429+00:00" hostname="agent-env-81799179-b9e7-40cf-9bdc-3d0b7af14f33"><testcase classname="tests.test_iteration3.TestCataloguePdfContent" name="test_size_range" time="18.198" /><testcase classname="tests.test_iteration3.TestCataloguePdfContent" name="test_starts_with_pdf_header" time="0.000" /><testcase classname="tests.test_iteration3.TestCataloguePdfContent" name="test_page_count_is_17" time="0.001" /><testcase classname="tests.test_iteration3.TestCataloguePdfContent" name="test_cover_page_text" time="0.027" /><testcase classname="tests.test_iteration3.TestCataloguePdfContent" name="test_contents_page_text" time="0.014" /><testcase classname="tests.test_iteration3.TestEnquiryAlertSkip" name="test_enquiry_created_and_alert_skipped" time="2.299" /></testsuite></testsuites>