<?xml version="1.0" encoding="utf-8"?><testsuites name="pytest tests"><testsuite name="pytest" errors="0" failures="0" skipped="0" tests="8" time="1.276" timestamp="2026-09-02T14:50:03.327969+00:00" hostname="agent-env-81799179-b9e7-40cf-9bdc-3d0b7af14f33"><testcase classname="tests.backend_test.TestAnalytics" name="test_track_event" time="0.317" /><testcase classname="tests.backend_test.TestEnquiries" name="test_create_valid" time="0.378" /><testcase classname="tests.backend_test.TestAnalytics" name="test_summary" time="0.250" /><testcase classname="tests.backend_test.TestEnquiries" name="test_get_by_id" time="0.060" /><testcase classname="tests.backend_test.TestEnquiries" name="test_list_newest_first" time="0.172" /><testcase classname="tests.backend_test.TestEnquiries" name="test_invalid_email_422" time="0.057" /><testcase classname="tests.backend_test.TestEnquiries" name="test_short_message_422" time="0.047" /><testcase classname="tests.backend_test.TestEnquiries" name="test_get_badid_404" time="0.054" /></testsuite></testsuites>