<?xml version="1.0" encoding="utf-8"?><testsuites name="pytest tests"><testsuite name="pytest" errors="0" failures="0" skipped="0" tests="10" time="19.331" timestamp="2026-09-02T15:42:08.718431+00:00" hostname="agent-env-81799179-b9e7-40cf-9bdc-3d0b7af14f33"><testcase classname="tests.backend_test.TestAnalytics" name="test_track_event" time="0.232" /><testcase classname="tests.backend_test.TestEnquiries" name="test_create_valid" time="0.166" /><testcase classname="tests.backend_test.TestEnquiries" name="test_get_by_id" time="0.040" /><testcase classname="tests.backend_test.TestEnquiries" name="test_list_newest_first" time="0.043" /><testcase classname="tests.backend_test.TestAnalytics" name="test_summary" time="0.032" /><testcase classname="tests.backend_test.TestEnquiries" name="test_invalid_email_422" time="0.093" /><testcase classname="tests.test_pdf.TestCataloguePdf" name="test_first_call_generates_pdf" time="18.429" /><testcase classname="tests.backend_test.TestEnquiries" name="test_short_message_422" time="0.068" /><testcase classname="tests.backend_test.TestEnquiries" name="test_get_badid_404" time="0.072" /><testcase classname="tests.test_pdf.TestCataloguePdf" name="test_second_call_uses_cache" time="0.126" /></testsuite></testsuites>